<?xml version="1.0" encoding="UTF-8"?>
<testsuite xmlns:xsi="http://www.w3.org/2001/XMLSchema-instance" xsi:noNamespaceSchemaLocation="https://maven.apache.org/surefire/maven-surefire-plugin/xsd/surefire-test-report.xsd" name="TestSuite" time="9.32" tests="18" errors="0" skipped="0" failures="0">
  <properties>
    <property name="sun.desktop" value="windows"/>
    <property name="awt.toolkit" value="sun.awt.windows.WToolkit"/>
    <property name="file.encoding.pkg" value="sun.io"/>
    <property name="java.specification.version" value="1.8"/>
    <property name="sun.cpu.isalist" value="amd64"/>
    <property name="sun.jnu.encoding" value="Cp1252"/>
    <property name="java.class.path" value="D:\RestAssured\com.DocStudio.rws\target\test-classes;D:\RestAssured\com.DocStudio.rws\target\classes;C:\Users\schakrab\.m2\repository\io\rest-assured\rest-assured\4.0.0\rest-assured-4.0.0.jar;C:\Users\schakrab\.m2\repository\org\codehaus\groovy\groovy\2.5.6\groovy-2.5.6.jar;C:\Users\schakrab\.m2\repository\org\codehaus\groovy\groovy-xml\2.5.6\groovy-xml-2.5.6.jar;C:\Users\schakrab\.m2\repository\org\apache\httpcomponents\httpclient\4.5.3\httpclient-4.5.3.jar;C:\Users\schakrab\.m2\repository\org\apache\httpcomponents\httpcore\4.4.6\httpcore-4.4.6.jar;C:\Users\schakrab\.m2\repository\commons-logging\commons-logging\1.2\commons-logging-1.2.jar;C:\Users\schakrab\.m2\repository\org\apache\httpcomponents\httpmime\4.5.3\httpmime-4.5.3.jar;C:\Users\schakrab\.m2\repository\org\hamcrest\hamcrest-core\2.1\hamcrest-core-2.1.jar;C:\Users\schakrab\.m2\repository\org\hamcrest\hamcrest\2.1\hamcrest-2.1.jar;C:\Users\schakrab\.m2\repository\org\hamcrest\hamcrest-library\2.1\hamcrest-library-2.1.jar;C:\Users\schakrab\.m2\repository\org\ccil\cowan\tagsoup\tagsoup\1.2.1\tagsoup-1.2.1.jar;C:\Users\schakrab\.m2\repository\io\rest-assured\json-path\4.0.0\json-path-4.0.0.jar;C:\Users\schakrab\.m2\repository\org\codehaus\groovy\groovy-json\2.5.6\groovy-json-2.5.6.jar;C:\Users\schakrab\.m2\repository\io\rest-assured\rest-assured-common\4.0.0\rest-assured-common-4.0.0.jar;C:\Users\schakrab\.m2\repository\io\rest-assured\xml-path\4.0.0\xml-path-4.0.0.jar;C:\Users\schakrab\.m2\repository\org\apache\commons\commons-lang3\3.4\commons-lang3-3.4.jar;C:\Users\schakrab\.m2\repository\javax\xml\bind\jaxb-api\2.2.12\jaxb-api-2.2.12.jar;C:\Users\schakrab\.m2\repository\com\sun\xml\bind\jaxb-osgi\2.2.10\jaxb-osgi-2.2.10.jar;C:\Users\schakrab\.m2\repository\org\apache\sling\org.apache.sling.javax.activation\0.1.0\org.apache.sling.javax.activation-0.1.0.jar;C:\Users\schakrab\.m2\repository\javax\activation\activation\1.1.1\activation-1.1.1.jar;C:\Users\schakrab\.m2\repository\org\testng\testng\6.14.3\testng-6.14.3.jar;C:\Users\schakrab\.m2\repository\com\beust\jcommander\1.72\jcommander-1.72.jar;C:\Users\schakrab\.m2\repository\org\apache-extras\beanshell\bsh\2.0b6\bsh-2.0b6.jar;C:\Users\schakrab\.m2\repository\com\googlecode\json-simple\json-simple\1.1.1\json-simple-1.1.1.jar;C:\Users\schakrab\.m2\repository\junit\junit\4.10\junit-4.10.jar;C:\Users\schakrab\.m2\repository\org\apache\poi\poi\4.1.0\poi-4.1.0.jar;C:\Users\schakrab\.m2\repository\commons-codec\commons-codec\1.12\commons-codec-1.12.jar;C:\Users\schakrab\.m2\repository\org\apache\commons\commons-collections4\4.3\commons-collections4-4.3.jar;C:\Users\schakrab\.m2\repository\org\apache\commons\commons-math3\3.6.1\commons-math3-3.6.1.jar;C:\Users\schakrab\.m2\repository\org\apache\poi\poi-ooxml\4.1.0\poi-ooxml-4.1.0.jar;C:\Users\schakrab\.m2\repository\org\apache\poi\poi-ooxml-schemas\4.1.0\poi-ooxml-schemas-4.1.0.jar;C:\Users\schakrab\.m2\repository\org\apache\xmlbeans\xmlbeans\3.1.0\xmlbeans-3.1.0.jar;C:\Users\schakrab\.m2\repository\org\apache\commons\commons-compress\1.18\commons-compress-1.18.jar;C:\Users\schakrab\.m2\repository\com\github\virtuald\curvesapi\1.06\curvesapi-1.06.jar;C:\Users\schakrab\.m2\repository\log4j\log4j\1.2.17\log4j-1.2.17.jar;C:\Users\schakrab\.m2\repository\io\rest-assured\json-schema-validator\3.0.0\json-schema-validator-3.0.0.jar;C:\Users\schakrab\.m2\repository\com\github\fge\json-schema-validator\2.2.6\json-schema-validator-2.2.6.jar;C:\Users\schakrab\.m2\repository\com\google\code\findbugs\jsr305\3.0.0\jsr305-3.0.0.jar;C:\Users\schakrab\.m2\repository\joda-time\joda-time\2.3\joda-time-2.3.jar;C:\Users\schakrab\.m2\repository\com\googlecode\libphonenumber\libphonenumber\6.2\libphonenumber-6.2.jar;C:\Users\schakrab\.m2\repository\com\github\fge\json-schema-core\1.2.5\json-schema-core-1.2.5.jar;C:\Users\schakrab\.m2\repository\com\github\fge\uri-template\0.9\uri-template-0.9.jar;C:\Users\schakrab\.m2\repository\com\github\fge\msg-simple\1.1\msg-simple-1.1.jar;C:\Users\schakrab\.m2\repository\com\github\fge\btf\1.2\btf-1.2.jar;C:\Users\schakrab\.m2\repository\com\google\guava\guava\16.0.1\guava-16.0.1.jar;C:\Users\schakrab\.m2\repository\com\github\fge\jackson-coreutils\1.8\jackson-coreutils-1.8.jar;C:\Users\schakrab\.m2\repository\com\fasterxml\jackson\core\jackson-databind\2.2.3\jackson-databind-2.2.3.jar;C:\Users\schakrab\.m2\repository\com\fasterxml\jackson\core\jackson-annotations\2.2.3\jackson-annotations-2.2.3.jar;C:\Users\schakrab\.m2\repository\com\fasterxml\jackson\core\jackson-core\2.2.3\jackson-core-2.2.3.jar;C:\Users\schakrab\.m2\repository\org\mozilla\rhino\1.7R4\rhino-1.7R4.jar;C:\Users\schakrab\.m2\repository\javax\mail\mailapi\1.4.3\mailapi-1.4.3.jar;C:\Users\schakrab\.m2\repository\net\sf\jopt-simple\jopt-simple\4.6\jopt-simple-4.6.jar;C:\Users\schakrab\.m2\repository\de\mwvb\xmldocument\0.1.0\xmldocument-0.1.0.jar;C:\Users\schakrab\.m2\repository\jaxen\jaxen\1.1.4\jaxen-1.1.4.jar;C:\Users\schakrab\.m2\repository\dom4j\dom4j\1.6.1\dom4j-1.6.1.jar;C:\Users\schakrab\.m2\repository\xml-apis\xml-apis\1.0.b2\xml-apis-1.0.b2.jar;C:\Users\schakrab\.m2\repository\org\hamcrest\java-hamcrest\2.0.0.0\java-hamcrest-2.0.0.0.jar;C:\Users\schakrab\.m2\repository\org\scribe\scribe\1.3.7\scribe-1.3.7.jar;C:\Users\schakrab\.m2\repository\com\aventstack\extentreports\4.0.9\extentreports-4.0.9.jar;C:\Users\schakrab\.m2\repository\org\freemarker\freemarker\2.3.23\freemarker-2.3.23.jar;C:\Users\schakrab\.m2\repository\org\mongodb\mongodb-driver\3.3.0\mongodb-driver-3.3.0.jar;C:\Users\schakrab\.m2\repository\org\mongodb\mongodb-driver-core\3.3.0\mongodb-driver-core-3.3.0.jar;C:\Users\schakrab\.m2\repository\org\mongodb\bson\3.3.0\bson-3.3.0.jar;C:\Users\schakrab\.m2\repository\com\google\code\gson\gson\2.8.5\gson-2.8.5.jar;"/>
    <property name="java.vm.vendor" value="Oracle Corporation"/>
    <property name="sun.arch.data.model" value="64"/>
    <property name="user.variant" value=""/>
    <property name="java.vendor.url" value="http://java.oracle.com/"/>
    <property name="user.timezone" value="Asia/Calcutta"/>
    <property name="java.vm.specification.version" value="1.8"/>
    <property name="os.name" value="Windows 10"/>
    <property name="user.country" value="US"/>
    <property name="sun.java.launcher" value="SUN_STANDARD"/>
    <property name="sun.boot.library.path" value="D:\java8\jre\bin"/>
    <property name="sun.java.command" value="C:\Users\schakrab\AppData\Local\Temp\surefire975158414717522876\surefirebooter1486894673706917991.jar C:\Users\schakrab\AppData\Local\Temp\surefire975158414717522876 2019-12-17T11-25-32_463-jvmRun1 surefire7859996765928869023tmp surefire_02655251921771020032tmp"/>
    <property name="surefire.test.class.path" value="D:\RestAssured\com.DocStudio.rws\target\test-classes;D:\RestAssured\com.DocStudio.rws\target\classes;C:\Users\schakrab\.m2\repository\io\rest-assured\rest-assured\4.0.0\rest-assured-4.0.0.jar;C:\Users\schakrab\.m2\repository\org\codehaus\groovy\groovy\2.5.6\groovy-2.5.6.jar;C:\Users\schakrab\.m2\repository\org\codehaus\groovy\groovy-xml\2.5.6\groovy-xml-2.5.6.jar;C:\Users\schakrab\.m2\repository\org\apache\httpcomponents\httpclient\4.5.3\httpclient-4.5.3.jar;C:\Users\schakrab\.m2\repository\org\apache\httpcomponents\httpcore\4.4.6\httpcore-4.4.6.jar;C:\Users\schakrab\.m2\repository\commons-logging\commons-logging\1.2\commons-logging-1.2.jar;C:\Users\schakrab\.m2\repository\org\apache\httpcomponents\httpmime\4.5.3\httpmime-4.5.3.jar;C:\Users\schakrab\.m2\repository\org\hamcrest\hamcrest-core\2.1\hamcrest-core-2.1.jar;C:\Users\schakrab\.m2\repository\org\hamcrest\hamcrest\2.1\hamcrest-2.1.jar;C:\Users\schakrab\.m2\repository\org\hamcrest\hamcrest-library\2.1\hamcrest-library-2.1.jar;C:\Users\schakrab\.m2\repository\org\ccil\cowan\tagsoup\tagsoup\1.2.1\tagsoup-1.2.1.jar;C:\Users\schakrab\.m2\repository\io\rest-assured\json-path\4.0.0\json-path-4.0.0.jar;C:\Users\schakrab\.m2\repository\org\codehaus\groovy\groovy-json\2.5.6\groovy-json-2.5.6.jar;C:\Users\schakrab\.m2\repository\io\rest-assured\rest-assured-common\4.0.0\rest-assured-common-4.0.0.jar;C:\Users\schakrab\.m2\repository\io\rest-assured\xml-path\4.0.0\xml-path-4.0.0.jar;C:\Users\schakrab\.m2\repository\org\apache\commons\commons-lang3\3.4\commons-lang3-3.4.jar;C:\Users\schakrab\.m2\repository\javax\xml\bind\jaxb-api\2.2.12\jaxb-api-2.2.12.jar;C:\Users\schakrab\.m2\repository\com\sun\xml\bind\jaxb-osgi\2.2.10\jaxb-osgi-2.2.10.jar;C:\Users\schakrab\.m2\repository\org\apache\sling\org.apache.sling.javax.activation\0.1.0\org.apache.sling.javax.activation-0.1.0.jar;C:\Users\schakrab\.m2\repository\javax\activation\activation\1.1.1\activation-1.1.1.jar;C:\Users\schakrab\.m2\repository\org\testng\testng\6.14.3\testng-6.14.3.jar;C:\Users\schakrab\.m2\repository\com\beust\jcommander\1.72\jcommander-1.72.jar;C:\Users\schakrab\.m2\repository\org\apache-extras\beanshell\bsh\2.0b6\bsh-2.0b6.jar;C:\Users\schakrab\.m2\repository\com\googlecode\json-simple\json-simple\1.1.1\json-simple-1.1.1.jar;C:\Users\schakrab\.m2\repository\junit\junit\4.10\junit-4.10.jar;C:\Users\schakrab\.m2\repository\org\apache\poi\poi\4.1.0\poi-4.1.0.jar;C:\Users\schakrab\.m2\repository\commons-codec\commons-codec\1.12\commons-codec-1.12.jar;C:\Users\schakrab\.m2\repository\org\apache\commons\commons-collections4\4.3\commons-collections4-4.3.jar;C:\Users\schakrab\.m2\repository\org\apache\commons\commons-math3\3.6.1\commons-math3-3.6.1.jar;C:\Users\schakrab\.m2\repository\org\apache\poi\poi-ooxml\4.1.0\poi-ooxml-4.1.0.jar;C:\Users\schakrab\.m2\repository\org\apache\poi\poi-ooxml-schemas\4.1.0\poi-ooxml-schemas-4.1.0.jar;C:\Users\schakrab\.m2\repository\org\apache\xmlbeans\xmlbeans\3.1.0\xmlbeans-3.1.0.jar;C:\Users\schakrab\.m2\repository\org\apache\commons\commons-compress\1.18\commons-compress-1.18.jar;C:\Users\schakrab\.m2\repository\com\github\virtuald\curvesapi\1.06\curvesapi-1.06.jar;C:\Users\schakrab\.m2\repository\log4j\log4j\1.2.17\log4j-1.2.17.jar;C:\Users\schakrab\.m2\repository\io\rest-assured\json-schema-validator\3.0.0\json-schema-validator-3.0.0.jar;C:\Users\schakrab\.m2\repository\com\github\fge\json-schema-validator\2.2.6\json-schema-validator-2.2.6.jar;C:\Users\schakrab\.m2\repository\com\google\code\findbugs\jsr305\3.0.0\jsr305-3.0.0.jar;C:\Users\schakrab\.m2\repository\joda-time\joda-time\2.3\joda-time-2.3.jar;C:\Users\schakrab\.m2\repository\com\googlecode\libphonenumber\libphonenumber\6.2\libphonenumber-6.2.jar;C:\Users\schakrab\.m2\repository\com\github\fge\json-schema-core\1.2.5\json-schema-core-1.2.5.jar;C:\Users\schakrab\.m2\repository\com\github\fge\uri-template\0.9\uri-template-0.9.jar;C:\Users\schakrab\.m2\repository\com\github\fge\msg-simple\1.1\msg-simple-1.1.jar;C:\Users\schakrab\.m2\repository\com\github\fge\btf\1.2\btf-1.2.jar;C:\Users\schakrab\.m2\repository\com\google\guava\guava\16.0.1\guava-16.0.1.jar;C:\Users\schakrab\.m2\repository\com\github\fge\jackson-coreutils\1.8\jackson-coreutils-1.8.jar;C:\Users\schakrab\.m2\repository\com\fasterxml\jackson\core\jackson-databind\2.2.3\jackson-databind-2.2.3.jar;C:\Users\schakrab\.m2\repository\com\fasterxml\jackson\core\jackson-annotations\2.2.3\jackson-annotations-2.2.3.jar;C:\Users\schakrab\.m2\repository\com\fasterxml\jackson\core\jackson-core\2.2.3\jackson-core-2.2.3.jar;C:\Users\schakrab\.m2\repository\org\mozilla\rhino\1.7R4\rhino-1.7R4.jar;C:\Users\schakrab\.m2\repository\javax\mail\mailapi\1.4.3\mailapi-1.4.3.jar;C:\Users\schakrab\.m2\repository\net\sf\jopt-simple\jopt-simple\4.6\jopt-simple-4.6.jar;C:\Users\schakrab\.m2\repository\de\mwvb\xmldocument\0.1.0\xmldocument-0.1.0.jar;C:\Users\schakrab\.m2\repository\jaxen\jaxen\1.1.4\jaxen-1.1.4.jar;C:\Users\schakrab\.m2\repository\dom4j\dom4j\1.6.1\dom4j-1.6.1.jar;C:\Users\schakrab\.m2\repository\xml-apis\xml-apis\1.0.b2\xml-apis-1.0.b2.jar;C:\Users\schakrab\.m2\repository\org\hamcrest\java-hamcrest\2.0.0.0\java-hamcrest-2.0.0.0.jar;C:\Users\schakrab\.m2\repository\org\scribe\scribe\1.3.7\scribe-1.3.7.jar;C:\Users\schakrab\.m2\repository\com\aventstack\extentreports\4.0.9\extentreports-4.0.9.jar;C:\Users\schakrab\.m2\repository\org\freemarker\freemarker\2.3.23\freemarker-2.3.23.jar;C:\Users\schakrab\.m2\repository\org\mongodb\mongodb-driver\3.3.0\mongodb-driver-3.3.0.jar;C:\Users\schakrab\.m2\repository\org\mongodb\mongodb-driver-core\3.3.0\mongodb-driver-core-3.3.0.jar;C:\Users\schakrab\.m2\repository\org\mongodb\bson\3.3.0\bson-3.3.0.jar;C:\Users\schakrab\.m2\repository\com\google\code\gson\gson\2.8.5\gson-2.8.5.jar;"/>
    <property name="sun.cpu.endian" value="little"/>
    <property name="user.home" value="C:\Users\schakrab"/>
    <property name="user.language" value="en"/>
    <property name="java.specification.vendor" value="Oracle Corporation"/>
    <property name="java.home" value="D:\java8\jre"/>
    <property name="basedir" value="D:\RestAssured\com.DocStudio.rws"/>
    <property name="file.separator" value="\"/>
    <property name="line.separator" value="&#10;"/>
    <property name="java.vm.specification.vendor" value="Oracle Corporation"/>
    <property name="java.specification.name" value="Java Platform API Specification"/>
    <property name="java.awt.graphicsenv" value="sun.awt.Win32GraphicsEnvironment"/>
    <property name="surefire.real.class.path" value="C:\Users\schakrab\AppData\Local\Temp\surefire975158414717522876\surefirebooter1486894673706917991.jar"/>
    <property name="sun.boot.class.path" value="D:\java8\jre\lib\resources.jar;D:\java8\jre\lib\rt.jar;D:\java8\jre\lib\sunrsasign.jar;D:\java8\jre\lib\jsse.jar;D:\java8\jre\lib\jce.jar;D:\java8\jre\lib\charsets.jar;D:\java8\jre\lib\jfr.jar;D:\java8\jre\classes"/>
    <property name="user.script" value=""/>
    <property name="sun.management.compiler" value="HotSpot 64-Bit Tiered Compilers"/>
    <property name="java.runtime.version" value="1.8.0_212-b10"/>
    <property name="user.name" value="schakrab"/>
    <property name="path.separator" value=";"/>
    <property name="os.version" value="10.0"/>
    <property name="java.endorsed.dirs" value="D:\java8\jre\lib\endorsed"/>
    <property name="java.runtime.name" value="Java(TM) SE Runtime Environment"/>
    <property name="file.encoding" value="Cp1252"/>
    <property name="java.vm.name" value="Java HotSpot(TM) 64-Bit Server VM"/>
    <property name="localRepository" value="C:\Users\schakrab\.m2\repository"/>
    <property name="java.vendor.url.bug" value="http://bugreport.sun.com/bugreport/"/>
    <property name="java.io.tmpdir" value="C:\Users\schakrab\AppData\Local\Temp\"/>
    <property name="java.version" value="1.8.0_212"/>
    <property name="user.dir" value="D:\RestAssured\com.DocStudio.rws"/>
    <property name="os.arch" value="amd64"/>
    <property name="java.vm.specification.name" value="Java Virtual Machine Specification"/>
    <property name="java.awt.printerjob" value="sun.awt.windows.WPrinterJob"/>
    <property name="sun.os.patch.level" value=""/>
    <property name="java.library.path" value="D:\java8\jre\bin;C:\WINDOWS\Sun\Java\bin;C:\WINDOWS\system32;C:\WINDOWS;D:\java8\bin;C:\Program Files\Microsoft MPI\Bin\;C:\Integrity\IntegrityClient\bin;D:\java\32bitJRE\jre\bin;C:\nightlyclient\IntegrityClient\bin;C:\mks\bin64;C:\mks\bin;C:\mks\bin\X11;C:\mks\mksnt;C:\Program Files\RSA SecurID Token Common;C:\WINDOWS\system32;C:\WINDOWS;C:\WINDOWS\System32\Wbem;C:\WINDOWS\System32\WindowsPowerShell\v1.0\;C:\Program Files (x86)\WebEx\Productivity Tools;C:\Program Files\ServiceNow;C:\Program Files (x86)\WebEx\PTools020000000;F:\Maven\apache-maven-3.5.2\bin;C:\Program Files (x86)\Microsoft SQL Server\140\Tools\Binn\;C:\Program Files (x86)\Microsoft SQL Server\140\DTS\Binn\;C:\Program Files (x86)\Webex\Webex\Applications;F:\apache-maven-3.6.0\bin;C:\Program Files\Git\cmd;C:\Program Files\ServiceNow;C:\Program Files\PuTTY\;C:\Program Files\TortoiseGit\bin;C:\Program Files\nodejs\;C:\Users\schakrab\AppData\Local\Android\Sdk\platform-tools;C:\Users\schakrab\AppData\Local\Android\Sdk\tools;C:\Users\schakrab\AppData\Local\Android\Sdk\tools\bin;C:\Users\schakrab\AppData\Local\Android\Sdk;C:\Program Files\Microsoft SQL Server\140\Tools\Binn\;C:\Program Files\Microsoft SQL Server\140\DTS\Binn\;C:\Program Files\Microsoft SQL Server\Client SDK\ODBC\130\Tools\Binn\;C:\Program Files (x86)\Microsoft SQL Server\Client SDK\ODBC\130\Tools\Binn\;C:\Program Files (x86)\Microsoft SQL Server\140\Tools\Binn\ManagementStudio\;C:\Users\schakrab\AppData\Local\Microsoft\WindowsApps;;C:\Users\schakrab\AppData\Roaming\npm;."/>
    <property name="java.vm.info" value="mixed mode"/>
    <property name="java.vendor" value="Oracle Corporation"/>
    <property name="java.vm.version" value="25.212-b10"/>
    <property name="java.ext.dirs" value="D:\java8\jre\lib\ext;C:\WINDOWS\Sun\Java\lib\ext"/>
    <property name="sun.io.unicode.encoding" value="UnicodeLittle"/>
    <property name="java.class.version" value="52.0"/>
  </properties>
  <testcase name="validateAllHeader" classname="com.DocStudio.testcases.TC001_get_all_employees_data" time="0.011"/>
  <testcase name="validateHeaderIsNotNull" classname="com.DocStudio.testcases.TC001_get_all_employees_data" time="0.002"/>
  <testcase name="validateResponseIsNotNull" classname="com.DocStudio.testcases.TC001_get_all_employees_data" time="0.016"/>
  <testcase name="validateSingleHeader" classname="com.DocStudio.testcases.TC001_get_all_employees_data" time="0.001"/>
  <testcase name="validateStatusCode" classname="com.DocStudio.testcases.TC001_get_all_employees_data" time="0.006"/>
  <testcase name="validaterResponseTime" classname="com.DocStudio.testcases.TC001_get_all_employees_data" time="0"/>
  <testcase name="checkContentType" classname="com.DocStudio.testcases.TC003_post_emp_record" time="0"/>
  <testcase name="checkEmployeeData" classname="com.DocStudio.testcases.TC003_post_emp_record" time="0.001"/>
  <testcase name="checkStatusCode" classname="com.DocStudio.testcases.TC003_post_emp_record" time="0"/>
  <testcase name="checkStatusLine" classname="com.DocStudio.testcases.TC003_post_emp_record" time="0.001"/>
  <testcase name="checkStatusCode" classname="com.DocStudio.testcases.TC005_delete_emp_record" time="0.001"/>
  <testcase name="checkStatusLine" classname="com.DocStudio.testcases.TC005_delete_emp_record" time="0.001"/>
  <testcase name="checkSuccesMessage" classname="com.DocStudio.testcases.TC005_delete_emp_record" time="0.001"/>
  <testcase name="checkContentType" classname="com.DocStudio.testcases.TC004_update_emp_record" time="0.002"/>
  <testcase name="checkEmployeeData" classname="com.DocStudio.testcases.TC004_update_emp_record" time="0.002"/>
  <testcase name="checkStatusCode" classname="com.DocStudio.testcases.TC004_update_emp_record" time="0.001"/>
  <testcase name="checkStatusLine" classname="com.DocStudio.testcases.TC004_update_emp_record" time="0.002"/>
  <testcase name="getEmployeeData" classname="com.DocStudio.testcases.TC002_get_single_employee_data" time="0.001"/>
</testsuite>