<?xml version="1.0" encoding="UTF-8"?>
<!-- Generated by org.testng.reporters.JUnitReportReporter -->
<testsuite hostname="schakrab2l5" name="com.DocStudio.testcases.TC005_delete_emp_record" tests="3" failures="0" timestamp="17 Dec 2019 05:53:31 GMT" time="0.013" errors="0">
  <testcase name="checkStatusLine" time="0.002" classname="com.DocStudio.testcases.TC005_delete_emp_record"/>
  <testcase name="checkStatusCode" time="0.010" classname="com.DocStudio.testcases.TC005_delete_emp_record"/>
  <testcase name="checkSuccesMessage" time="0.001" classname="com.DocStudio.testcases.TC005_delete_emp_record"/>
</testsuite> <!-- com.DocStudio.testcases.TC005_delete_emp_record -->
