<?xml version="1.0" encoding="UTF-8"?>
<!-- Generated by org.testng.reporters.JUnitReportReporter -->
<testsuite hostname="schakrab2l5" name="com.DocStudio.testcases.TC002_get_single_employee_data" tests="1" failures="0" timestamp="17 Dec 2019 05:53:58 GMT" time="0.020" errors="0">
  <testcase name="getEmployeeData" time="0.020" classname="com.DocStudio.testcases.TC002_get_single_employee_data"/>
</testsuite> <!-- com.DocStudio.testcases.TC002_get_single_employee_data -->
