<?xml version="1.0" encoding="UTF-8"?>
<!-- Generated by org.testng.reporters.JUnitReportReporter -->
<testsuite hostname="schakrab2l5" name="com.DocStudio.testcases.TC004_update_emp_record" tests="4" failures="0" timestamp="17 Dec 2019 05:53:19 GMT" time="0.078" errors="0">
  <testcase name="checkStatusCode" time="0.001" classname="com.DocStudio.testcases.TC004_update_emp_record"/>
  <testcase name="checkStatusLine" time="0.001" classname="com.DocStudio.testcases.TC004_update_emp_record"/>
  <testcase name="checkContentType" time="0.007" classname="com.DocStudio.testcases.TC004_update_emp_record"/>
  <testcase name="checkEmployeeData" time="0.069" classname="com.DocStudio.testcases.TC004_update_emp_record"/>
</testsuite> <!-- com.DocStudio.testcases.TC004_update_emp_record -->
